<?xml version="1.0" encoding="UTF-8"?>
<testExecutions version="1">
  <file path="C:\repos\testes-automatizados\.stryker-tmp\sandbox6020839\tests\model\NumeroConta.test.ts">
    <testCase name="Número Conta número conta com seis dígitos" duration="17"/>
    <testCase name="Número Conta número conta com cinco dígitos" duration="73"/>
    <testCase name="Número Conta número conta com sete dígitos" duration="4"/>
    <testCase name="Número Conta número conta com valor que não seja dígitos" duration="2"/>
  </file>
  <file path="C:\repos\testes-automatizados\.stryker-tmp\sandbox6020839\tests\model\Recibo.test.ts">
    <testCase name="Recibo criar com sucesso" duration="13"/>
  </file>
  <file path="C:\repos\testes-automatizados\.stryker-tmp\sandbox8521047\tests\model\service\TransferenciaValor.test.ts">
    <testCase name="Transferência valor transferência de valor entre contas com sucesso" duration="25"/>
  </file>
  <file path="C:\repos\testes-automatizados\.stryker-tmp\sandbox8521047\tests\model\NumeroConta.test.ts">
    <testCase name="Número Conta número conta com seis dígitos" duration="47"/>
    <testCase name="Número Conta número conta com cinco dígitos" duration="66"/>
    <testCase name="Número Conta número conta com sete dígitos" duration="5"/>
    <testCase name="Número Conta número conta com valor que não seja dígitos" duration="2"/>
  </file>
  <file path="C:\repos\testes-automatizados\.stryker-tmp\sandbox6020839\tests\model\Conta.test.ts">
    <testCase name="Conta sacar com sucesso" duration="18"/>
    <testCase name="Conta sacar com valor zerado" duration="69"/>
    <testCase name="Conta sacar com valor negativo" duration="3"/>
    <testCase name="Conta sacar valor acima do saldo" duration="2"/>
    <testCase name="Conta depositar com sucesso" duration="1"/>
    <testCase name="Conta depositar com valor zerado" duration="2"/>
    <testCase name="Conta depositar com valor negativo" duration="1"/>
  </file>
  <file path="C:\repos\testes-automatizados\.stryker-tmp\sandbox6020839\tests\model\service\TransferenciaValor.test.ts">
    <testCase name="Transferência valor transferência de valor entre contas com sucesso" duration="38"/>
  </file>
  <file path="C:\repos\testes-automatizados\.stryker-tmp\sandbox6020839\tests\application\TransferenciaServicoMock.test.ts">
    <testCase name="Transferencia Servico Mock transferir com sucesso" duration="40"/>
    <testCase name="Transferencia Servico Mock conta de origem não encontrada" duration="11"/>
    <testCase name="Transferencia Servico Mock conta de destino não encontrada" duration="5"/>
  </file>
  <file path="C:\repos\testes-automatizados\.stryker-tmp\sandbox6020839\tests\application\TransferenciaServico.test.ts">
    <testCase name="Transferência Serviço transferir valor com sucesso" duration="26"/>
    <testCase name="Transferência Serviço conta de origem não encontrada" duration="4"/>
    <testCase name="Transferência Serviço conta de destino não encontrada" duration="1"/>
  </file>
  <file path="C:\repos\testes-automatizados\.stryker-tmp\sandbox8521047\tests\application\TransferenciaServicoMock.test.ts">
    <testCase name="Transferencia Servico Mock transferir com sucesso" duration="46"/>
    <testCase name="Transferencia Servico Mock conta de origem não encontrada" duration="3"/>
    <testCase name="Transferencia Servico Mock conta de destino não encontrada" duration="3"/>
  </file>
  <file path="C:\repos\testes-automatizados\.stryker-tmp\sandbox8521047\tests\application\TransferenciaServico.test.ts">
    <testCase name="Transferência Serviço transferir valor com sucesso" duration="22"/>
    <testCase name="Transferência Serviço conta de origem não encontrada" duration="3"/>
    <testCase name="Transferência Serviço conta de destino não encontrada" duration="1"/>
  </file>
  <file path="C:\repos\testes-automatizados\tests\model\Recibo.test.ts">
    <testCase name="Recibo criar com sucesso" duration="2"/>
    <testCase name="Recibo validar código dos recibos" duration="1"/>
    <testCase name="Recibo criar recibos com código positivo" duration="1"/>
  </file>
  <file path="C:\repos\testes-automatizados\tests\model\Conta.test.ts">
    <testCase name="Conta sacar com sucesso" duration="2"/>
    <testCase name="Conta sacar com valor zerado" duration="24"/>
    <testCase name="Conta sacar com valor negativo" duration="6"/>
    <testCase name="Conta sacar valor acima do saldo" duration="1"/>
    <testCase name="Conta sacar todo o saldo" duration="0"/>
    <testCase name="Conta depositar com sucesso" duration="0"/>
    <testCase name="Conta depositar com valor zerado" duration="1"/>
    <testCase name="Conta depositar com valor negativo" duration="1"/>
  </file>
  <file path="C:\repos\testes-automatizados\tests\model\NumeroConta.test.ts">
    <testCase name="Número Conta número conta com seis dígitos" duration="2"/>
    <testCase name="Número Conta número conta com cinco dígitos" duration="16"/>
    <testCase name="Número Conta número conta com sete dígitos" duration="2"/>
    <testCase name="Número Conta número conta com valor que não seja dígitos" duration="2"/>
  </file>
  <file path="C:\repos\testes-automatizados\.stryker-tmp\sandbox8521047\tests\model\Recibo.test.ts">
    <testCase name="Recibo criar com sucesso" duration="4"/>
  </file>
  <file path="C:\repos\testes-automatizados\tests\application\TransferenciaServico.test.ts">
    <testCase name="Transferência Serviço transferir valor com sucesso" duration="2"/>
    <testCase name="Transferência Serviço conta de origem não encontrada" duration="2"/>
    <testCase name="Transferência Serviço conta de destino não encontrada" duration="1"/>
  </file>
  <file path="C:\repos\testes-automatizados\tests\application\TransferenciaServicoMock.test.ts">
    <testCase name="Transferencia Servico Mock transferir com sucesso" duration="7"/>
    <testCase name="Transferencia Servico Mock conta de origem não encontrada" duration="6"/>
    <testCase name="Transferencia Servico Mock conta de destino não encontrada" duration="2"/>
  </file>
  <file path="C:\repos\testes-automatizados\tests\model\service\TransferenciaValor.test.ts">
    <testCase name="Transferência valor transferência de valor entre contas com sucesso" duration="3"/>
  </file>
  <file path="C:\repos\testes-automatizados\.stryker-tmp\sandbox8521047\tests\model\Conta.test.ts">
    <testCase name="Conta sacar com sucesso" duration="15"/>
    <testCase name="Conta sacar com valor zerado" duration="794"/>
    <testCase name="Conta sacar com valor negativo" duration="1"/>
    <testCase name="Conta sacar valor acima do saldo" duration="1"/>
    <testCase name="Conta depositar com sucesso" duration="1"/>
    <testCase name="Conta depositar com valor zerado" duration="1"/>
    <testCase name="Conta depositar com valor negativo" duration="1"/>
  </file>
</testExecutions>